<?xml version="1.0" encoding="UTF-8"?>
<testng-results total="1" passed="1" failed="0" skipped="0">
  <reporter-output>
  </reporter-output>
  <suite started-at="2018-08-17T06:26:30Z" name="Default suite" finished-at="2018-08-17T06:27:27Z" duration-ms="56499">
    <groups>
    </groups>
    <test started-at="2018-08-17T06:26:30Z" name="Default test" finished-at="2018-08-17T06:27:27Z" duration-ms="56499">
      <class name="tests.Add_Account_test">
        <test-method is-config="true" signature="SetUp()[pri:0, instance:tests.Add_Account_test@37271612]" started-at="2018-08-17T11:56:30Z" name="SetUp" finished-at="2018-08-17T11:56:54Z" duration-ms="24098" status="PASS">
          <reporter-output>
          </reporter-output>
        </test-method> <!-- SetUp -->
        <test-method signature="add_Account()[pri:0, instance:tests.Add_Account_test@37271612]" started-at="2018-08-17T11:56:54Z" name="add_Account" finished-at="2018-08-17T11:57:26Z" duration-ms="31694" status="PASS">
          <reporter-output>
          </reporter-output>
        </test-method> <!-- add_Account -->
        <test-method is-config="true" signature="TearDown(org.testng.ITestResult)[pri:0, instance:tests.Add_Account_test@37271612]" started-at="2018-08-17T11:57:26Z" name="TearDown" finished-at="2018-08-17T11:57:26Z" duration-ms="1" status="PASS">
          <params>
            <param index="0">
              <value>
                <![CDATA[[TestResult name=add_Account status=SUCCESS method=Add_Account_test.add_Account()[pri:0, instance:tests.Add_Account_test@37271612] output={null}]]]>
              </value>
            </param>
          </params>
          <reporter-output>
          </reporter-output>
        </test-method> <!-- TearDown -->
        <test-method is-config="true" signature="CloseApplication()[pri:0, instance:tests.Add_Account_test@37271612]" started-at="2018-08-17T11:57:26Z" name="CloseApplication" finished-at="2018-08-17T11:57:27Z" duration-ms="686" status="PASS">
          <reporter-output>
          </reporter-output>
        </test-method> <!-- CloseApplication -->
      </class> <!-- tests.Add_Account_test -->
    </test> <!-- Default test -->
  </suite> <!-- Default suite -->
</testng-results>
