<?xml version="1.0" encoding="UTF-8"?>
<testng-results total="1" passed="1" failed="0" skipped="0">
  <reporter-output>
  </reporter-output>
  <suite started-at="2018-08-16T02:43:13Z" name="Default suite" finished-at="2018-08-16T02:43:36Z" duration-ms="22420">
    <groups>
    </groups>
    <test started-at="2018-08-16T02:43:13Z" name="Default test" finished-at="2018-08-16T02:43:36Z" duration-ms="22420">
      <class name="tests.Login_test">
        <test-method is-config="true" signature="SetUp()[pri:0, instance:tests.Login_test@37271612]" started-at="2018-08-16T08:13:13Z" name="SetUp" finished-at="2018-08-16T08:13:31Z" duration-ms="18188" status="PASS">
          <reporter-output>
          </reporter-output>
        </test-method> <!-- SetUp -->
        <test-method signature="LoginApplication()[pri:0, instance:tests.Login_test@37271612]" started-at="2018-08-16T08:13:31Z" name="LoginApplication" description="perform valid login" finished-at="2018-08-16T08:13:35Z" duration-ms="3593" status="PASS">
          <reporter-output>
          </reporter-output>
        </test-method> <!-- LoginApplication -->
        <test-method is-config="true" signature="TearDown(org.testng.ITestResult)[pri:0, instance:tests.Login_test@37271612]" started-at="2018-08-16T08:13:35Z" name="TearDown" finished-at="2018-08-16T08:13:35Z" duration-ms="1" status="PASS">
          <params>
            <param index="0">
              <value>
                <![CDATA[[TestResult name=LoginApplication status=SUCCESS method=Login_test.LoginApplication()[pri:0, instance:tests.Login_test@37271612] output={null}]]]>
              </value>
            </param>
          </params>
          <reporter-output>
          </reporter-output>
        </test-method> <!-- TearDown -->
        <test-method is-config="true" signature="CloseApplication()[pri:0, instance:tests.Login_test@37271612]" started-at="2018-08-16T08:13:35Z" name="CloseApplication" finished-at="2018-08-16T08:13:36Z" duration-ms="626" status="PASS">
          <reporter-output>
          </reporter-output>
        </test-method> <!-- CloseApplication -->
      </class> <!-- tests.Login_test -->
    </test> <!-- Default test -->
  </suite> <!-- Default suite -->
</testng-results>
